{"contracts/BytesLib.sol":{"l":{"17":0,"19":0,"87":0,"93":0,"237":0,"239":0,"241":0,"299":0,"307":0,"308":0,"310":0,"317":0,"325":78,"326":78,"328":78,"332":78,"340":0,"341":0,"343":0,"347":0,"355":0,"356":0,"358":0,"362":0,"370":0,"371":0,"373":0,"377":0,"385":0,"386":0,"388":0,"392":0,"400":0,"401":0,"403":0,"407":0,"415":77,"416":77,"418":77,"422":77,"430":0,"431":0,"433":0,"437":0,"445":0,"447":0,"484":0,"492":0,"494":0,"560":0},"path":"/Users/guidohernanmedina/Code/federation-grants-program/contracts/BytesLib.sol","s":{"1":0,"2":0,"3":0,"4":0,"5":0,"6":0,"7":0,"8":0,"9":78,"10":78,"11":78,"12":0,"13":0,"14":0,"15":0,"16":0,"17":0,"18":0,"19":0,"20":0,"21":0,"22":0,"23":0,"24":0,"25":0,"26":0,"27":77,"28":77,"29":77,"30":0,"31":0,"32":0,"33":0,"34":0,"35":0,"36":0},"b":{"1":[0,0],"2":[0,0],"3":[78,0],"4":[0,0],"5":[0,0],"6":[0,0],"7":[0,0],"8":[0,0],"9":[77,0],"10":[0,0]},"f":{"1":0,"2":0,"3":0,"4":0,"5":78,"6":0,"7":0,"8":0,"9":0,"10":0,"11":77,"12":0,"13":0,"14":0},"fnMap":{"1":{"name":"concat","line":12,"loc":{"start":{"line":12,"column":4},"end":{"line":88,"column":4}}},"2":{"name":"concatStorage","line":90,"loc":{"start":{"line":90,"column":4},"end":{"line":230,"column":4}}},"3":{"name":"slice","line":232,"loc":{"start":{"line":232,"column":4},"end":{"line":300,"column":4}}},"4":{"name":"toAddress","line":302,"loc":{"start":{"line":302,"column":4},"end":{"line":318,"column":4}}},"5":{"name":"toUint8","line":320,"loc":{"start":{"line":320,"column":4},"end":{"line":333,"column":4}}},"6":{"name":"toUint16","line":335,"loc":{"start":{"line":335,"column":4},"end":{"line":348,"column":4}}},"7":{"name":"toUint32","line":350,"loc":{"start":{"line":350,"column":4},"end":{"line":363,"column":4}}},"8":{"name":"toUint64","line":365,"loc":{"start":{"line":365,"column":4},"end":{"line":378,"column":4}}},"9":{"name":"toUint96","line":380,"loc":{"start":{"line":380,"column":4},"end":{"line":393,"column":4}}},"10":{"name":"toUint128","line":395,"loc":{"start":{"line":395,"column":4},"end":{"line":408,"column":4}}},"11":{"name":"toUint256","line":410,"loc":{"start":{"line":410,"column":4},"end":{"line":423,"column":4}}},"12":{"name":"toBytes32","line":425,"loc":{"start":{"line":425,"column":4},"end":{"line":438,"column":4}}},"13":{"name":"equal","line":440,"loc":{"start":{"line":440,"column":4},"end":{"line":485,"column":4}}},"14":{"name":"equalStorage","line":487,"loc":{"start":{"line":487,"column":4},"end":{"line":561,"column":4}}}},"statementMap":{"1":{"start":{"line":17,"column":8},"end":{"line":17,"column":30}},"2":{"start":{"line":87,"column":8},"end":{"line":87,"column":24}},"3":{"start":{"line":237,"column":8},"end":{"line":237,"column":73}},"4":{"start":{"line":239,"column":8},"end":{"line":239,"column":30}},"5":{"start":{"line":299,"column":8},"end":{"line":299,"column":24}},"6":{"start":{"line":307,"column":8},"end":{"line":307,"column":68}},"7":{"start":{"line":308,"column":8},"end":{"line":308,"column":27}},"8":{"start":{"line":317,"column":8},"end":{"line":317,"column":26}},"9":{"start":{"line":325,"column":8},"end":{"line":325,"column":67}},"10":{"start":{"line":326,"column":8},"end":{"line":326,"column":22}},"11":{"start":{"line":332,"column":8},"end":{"line":332,"column":23}},"12":{"start":{"line":340,"column":8},"end":{"line":340,"column":67}},"13":{"start":{"line":341,"column":8},"end":{"line":341,"column":23}},"14":{"start":{"line":347,"column":8},"end":{"line":347,"column":23}},"15":{"start":{"line":355,"column":8},"end":{"line":355,"column":67}},"16":{"start":{"line":356,"column":8},"end":{"line":356,"column":23}},"17":{"start":{"line":362,"column":8},"end":{"line":362,"column":23}},"18":{"start":{"line":370,"column":8},"end":{"line":370,"column":67}},"19":{"start":{"line":371,"column":8},"end":{"line":371,"column":23}},"20":{"start":{"line":377,"column":8},"end":{"line":377,"column":23}},"21":{"start":{"line":385,"column":8},"end":{"line":385,"column":68}},"22":{"start":{"line":386,"column":8},"end":{"line":386,"column":23}},"23":{"start":{"line":392,"column":8},"end":{"line":392,"column":23}},"24":{"start":{"line":400,"column":8},"end":{"line":400,"column":68}},"25":{"start":{"line":401,"column":8},"end":{"line":401,"column":24}},"26":{"start":{"line":407,"column":8},"end":{"line":407,"column":23}},"27":{"start":{"line":415,"column":8},"end":{"line":415,"column":68}},"28":{"start":{"line":416,"column":8},"end":{"line":416,"column":24}},"29":{"start":{"line":422,"column":8},"end":{"line":422,"column":23}},"30":{"start":{"line":430,"column":8},"end":{"line":430,"column":68}},"31":{"start":{"line":431,"column":8},"end":{"line":431,"column":27}},"32":{"start":{"line":437,"column":8},"end":{"line":437,"column":26}},"33":{"start":{"line":445,"column":8},"end":{"line":445,"column":27}},"34":{"start":{"line":484,"column":8},"end":{"line":484,"column":22}},"35":{"start":{"line":492,"column":8},"end":{"line":492,"column":27}},"36":{"start":{"line":560,"column":8},"end":{"line":560,"column":22}}},"branchMap":{"1":{"line":237,"type":"if","locations":[{"start":{"line":237,"column":8},"end":{"line":237,"column":8}},{"start":{"line":237,"column":8},"end":{"line":237,"column":8}}]},"2":{"line":307,"type":"if","locations":[{"start":{"line":307,"column":8},"end":{"line":307,"column":8}},{"start":{"line":307,"column":8},"end":{"line":307,"column":8}}]},"3":{"line":325,"type":"if","locations":[{"start":{"line":325,"column":8},"end":{"line":325,"column":8}},{"start":{"line":325,"column":8},"end":{"line":325,"column":8}}]},"4":{"line":340,"type":"if","locations":[{"start":{"line":340,"column":8},"end":{"line":340,"column":8}},{"start":{"line":340,"column":8},"end":{"line":340,"column":8}}]},"5":{"line":355,"type":"if","locations":[{"start":{"line":355,"column":8},"end":{"line":355,"column":8}},{"start":{"line":355,"column":8},"end":{"line":355,"column":8}}]},"6":{"line":370,"type":"if","locations":[{"start":{"line":370,"column":8},"end":{"line":370,"column":8}},{"start":{"line":370,"column":8},"end":{"line":370,"column":8}}]},"7":{"line":385,"type":"if","locations":[{"start":{"line":385,"column":8},"end":{"line":385,"column":8}},{"start":{"line":385,"column":8},"end":{"line":385,"column":8}}]},"8":{"line":400,"type":"if","locations":[{"start":{"line":400,"column":8},"end":{"line":400,"column":8}},{"start":{"line":400,"column":8},"end":{"line":400,"column":8}}]},"9":{"line":415,"type":"if","locations":[{"start":{"line":415,"column":8},"end":{"line":415,"column":8}},{"start":{"line":415,"column":8},"end":{"line":415,"column":8}}]},"10":{"line":430,"type":"if","locations":[{"start":{"line":430,"column":8},"end":{"line":430,"column":8}},{"start":{"line":430,"column":8},"end":{"line":430,"column":8}}]}}},"contracts/GrantsProgram.sol":{"l":{"24":21,"25":21,"26":21,"28":21,"29":21,"30":21,"31":21,"35":14,"36":10,"40":6,"44":6,"45":5,"46":5,"51":3,"52":2,"53":2,"58":11,"59":11,"63":10,"65":8,"67":8,"68":24,"69":24,"71":24,"72":17,"73":17,"74":17,"80":76,"81":76,"85":1,"86":1,"90":78,"91":78,"93":77,"94":77,"95":77,"96":77,"97":77,"98":77,"99":77,"103":77,"104":77,"105":77,"106":77,"107":77,"108":77},"path":"/Users/guidohernanmedina/Code/federation-grants-program/contracts/GrantsProgram.sol","s":{"1":21,"2":21,"3":21,"4":21,"5":21,"6":21,"7":21,"8":14,"9":6,"10":5,"11":5,"12":3,"13":2,"14":11,"15":11,"16":10,"17":8,"18":8,"19":24,"20":24,"21":24,"22":17,"23":17,"24":17,"25":76,"26":76,"27":1,"28":1,"29":78,"30":78,"31":77,"32":77,"33":77,"34":77,"35":77,"36":77,"37":77,"38":77,"39":0,"40":77,"41":0,"42":77,"43":0,"44":77,"45":77},"b":{"1":[21,0],"2":[21,0],"3":[21,0],"4":[10,4],"5":[5,1],"6":[2,1],"7":[8,2],"8":[17,7],"9":[77,1],"10":[0,77],"11":[0,77],"12":[0,77]},"f":{"1":21,"2":14,"3":6,"4":3,"5":11,"6":10,"7":76,"8":1,"9":78,"10":77},"fnMap":{"1":{"name":"constructor","line":23,"loc":{"start":{"line":23,"column":4},"end":{"line":32,"column":4}}},"2":{"name":"onlyAuthorized","line":34,"loc":{"start":{"line":34,"column":4},"end":{"line":37,"column":4}}},"3":{"name":"disableMember","line":43,"loc":{"start":{"line":43,"column":4},"end":{"line":48,"column":4}}},"4":{"name":"enableMember","line":50,"loc":{"start":{"line":50,"column":4},"end":{"line":55,"column":4}}},"5":{"name":"getRequiredFunds","line":57,"loc":{"start":{"line":57,"column":4},"end":{"line":60,"column":4}}},"6":{"name":"payToFederation","line":62,"loc":{"start":{"line":62,"column":4},"end":{"line":77,"column":4}}},"7":{"name":"getAddressFromPublicKey","line":79,"loc":{"start":{"line":79,"column":4},"end":{"line":82,"column":4}}},"8":{"name":"withdrawFunds","line":84,"loc":{"start":{"line":84,"column":4},"end":{"line":87,"column":4}}},"9":{"name":"decompressPublicKey","line":89,"loc":{"start":{"line":89,"column":4},"end":{"line":100,"column":4}}},"10":{"name":"expmod","line":102,"loc":{"start":{"line":102,"column":4},"end":{"line":117,"column":4}}}},"statementMap":{"1":{"start":{"line":24,"column":8},"end":{"line":24,"column":92}},"2":{"start":{"line":25,"column":8},"end":{"line":25,"column":89}},"3":{"start":{"line":26,"column":8},"end":{"line":26,"column":87}},"4":{"start":{"line":28,"column":8},"end":{"line":28,"column":31}},"5":{"start":{"line":29,"column":8},"end":{"line":29,"column":35}},"6":{"start":{"line":30,"column":8},"end":{"line":30,"column":33}},"7":{"start":{"line":31,"column":8},"end":{"line":31,"column":39}},"8":{"start":{"line":35,"column":8},"end":{"line":35,"column":73}},"9":{"start":{"line":44,"column":8},"end":{"line":44,"column":1547}},"10":{"start":{"line":45,"column":12},"end":{"line":45,"column":44}},"11":{"start":{"line":46,"column":12},"end":{"line":46,"column":39}},"12":{"start":{"line":51,"column":8},"end":{"line":51,"column":1771}},"13":{"start":{"line":53,"column":12},"end":{"line":53,"column":38}},"14":{"start":{"line":58,"column":8},"end":{"line":58,"column":59}},"15":{"start":{"line":59,"column":8},"end":{"line":59,"column":43}},"16":{"start":{"line":63,"column":8},"end":{"line":63,"column":128}},"17":{"start":{"line":65,"column":8},"end":{"line":65,"column":59}},"18":{"start":{"line":67,"column":8},"end":{"line":67,"column":2340}},"19":{"start":{"line":68,"column":12},"end":{"line":68,"column":81}},"20":{"start":{"line":69,"column":12},"end":{"line":69,"column":75}},"21":{"start":{"line":71,"column":12},"end":{"line":71,"column":2564}},"22":{"start":{"line":72,"column":16},"end":{"line":72,"column":47}},"23":{"start":{"line":73,"column":16},"end":{"line":73,"column":62}},"24":{"start":{"line":74,"column":16},"end":{"line":74,"column":59}},"25":{"start":{"line":80,"column":8},"end":{"line":80,"column":80}},"26":{"start":{"line":81,"column":8},"end":{"line":81,"column":101}},"27":{"start":{"line":85,"column":8},"end":{"line":85,"column":53}},"28":{"start":{"line":86,"column":8},"end":{"line":86,"column":38}},"29":{"start":{"line":90,"column":8},"end":{"line":90,"column":56}},"30":{"start":{"line":91,"column":8},"end":{"line":91,"column":104}},"31":{"start":{"line":93,"column":8},"end":{"line":93,"column":55}},"32":{"start":{"line":94,"column":8},"end":{"line":94,"column":52}},"33":{"start":{"line":95,"column":8},"end":{"line":95,"column":86}},"34":{"start":{"line":96,"column":8},"end":{"line":96,"column":64}},"35":{"start":{"line":97,"column":8},"end":{"line":97,"column":47}},"36":{"start":{"line":98,"column":8},"end":{"line":98,"column":49}},"37":{"start":{"line":99,"column":8},"end":{"line":99,"column":60}},"38":{"start":{"line":103,"column":8},"end":{"line":103,"column":28}},"39":{"start":{"line":103,"column":20},"end":{"line":103,"column":28}},"40":{"start":{"line":104,"column":8},"end":{"line":104,"column":28}},"41":{"start":{"line":104,"column":20},"end":{"line":104,"column":28}},"42":{"start":{"line":105,"column":8},"end":{"line":105,"column":28}},"43":{"start":{"line":105,"column":20},"end":{"line":105,"column":27}},"44":{"start":{"line":106,"column":8},"end":{"line":106,"column":12}},"45":{"start":{"line":107,"column":8},"end":{"line":107,"column":28}}},"branchMap":{"1":{"line":24,"type":"if","locations":[{"start":{"line":24,"column":8},"end":{"line":24,"column":8}},{"start":{"line":24,"column":8},"end":{"line":24,"column":8}}]},"2":{"line":25,"type":"if","locations":[{"start":{"line":25,"column":8},"end":{"line":25,"column":8}},{"start":{"line":25,"column":8},"end":{"line":25,"column":8}}]},"3":{"line":26,"type":"if","locations":[{"start":{"line":26,"column":8},"end":{"line":26,"column":8}},{"start":{"line":26,"column":8},"end":{"line":26,"column":8}}]},"4":{"line":35,"type":"if","locations":[{"start":{"line":35,"column":8},"end":{"line":35,"column":8}},{"start":{"line":35,"column":8},"end":{"line":35,"column":8}}]},"5":{"line":44,"type":"if","locations":[{"start":{"line":44,"column":8},"end":{"line":44,"column":8}},{"start":{"line":44,"column":8},"end":{"line":44,"column":8}}]},"6":{"line":51,"type":"if","locations":[{"start":{"line":51,"column":8},"end":{"line":51,"column":8}},{"start":{"line":51,"column":8},"end":{"line":51,"column":8}}]},"7":{"line":63,"type":"if","locations":[{"start":{"line":63,"column":8},"end":{"line":63,"column":8}},{"start":{"line":63,"column":8},"end":{"line":63,"column":8}}]},"8":{"line":71,"type":"if","locations":[{"start":{"line":71,"column":12},"end":{"line":71,"column":12}},{"start":{"line":71,"column":12},"end":{"line":71,"column":12}}]},"9":{"line":91,"type":"if","locations":[{"start":{"line":91,"column":8},"end":{"line":91,"column":8}},{"start":{"line":91,"column":8},"end":{"line":91,"column":8}}]},"10":{"line":103,"type":"if","locations":[{"start":{"line":103,"column":8},"end":{"line":103,"column":8}},{"start":{"line":103,"column":8},"end":{"line":103,"column":8}}]},"11":{"line":104,"type":"if","locations":[{"start":{"line":104,"column":8},"end":{"line":104,"column":8}},{"start":{"line":104,"column":8},"end":{"line":104,"column":8}}]},"12":{"line":105,"type":"if","locations":[{"start":{"line":105,"column":8},"end":{"line":105,"column":8}},{"start":{"line":105,"column":8},"end":{"line":105,"column":8}}]}}},"contracts/IBridge.sol":{"l":{},"path":"/Users/guidohernanmedina/Code/federation-grants-program/contracts/IBridge.sol","s":{},"b":{},"f":{},"fnMap":{},"statementMap":{},"branchMap":{}},"contracts/test/MockBridge.sol":{"l":{"12":17,"13":17,"17":20,"21":24},"path":"/Users/guidohernanmedina/Code/federation-grants-program/contracts/test/MockBridge.sol","s":{"1":17,"2":17,"3":20,"4":24},"b":{},"f":{"1":17,"2":20,"3":24},"fnMap":{"1":{"name":"constructor","line":11,"loc":{"start":{"line":11,"column":4},"end":{"line":14,"column":4}}},"2":{"name":"getFederationSize","line":16,"loc":{"start":{"line":16,"column":4},"end":{"line":18,"column":4}}},"3":{"name":"getFederatorPublicKeyOfType","line":20,"loc":{"start":{"line":20,"column":4},"end":{"line":22,"column":4}}}},"statementMap":{"1":{"start":{"line":12,"column":8},"end":{"line":12,"column":39}},"2":{"start":{"line":13,"column":8},"end":{"line":13,"column":43}},"3":{"start":{"line":17,"column":8},"end":{"line":17,"column":29}},"4":{"start":{"line":21,"column":8},"end":{"line":21,"column":38}}},"branchMap":{}}}