TN:
SF:/Users/guidohernanmedina/Code/federation-grants-program/contracts/BytesLib.sol
FN:12,concat
FN:90,concatStorage
FN:232,slice
FN:302,toAddress
FN:320,toUint8
FN:335,toUint16
FN:350,toUint32
FN:365,toUint64
FN:380,toUint96
FN:395,toUint128
FN:410,toUint256
FN:425,toBytes32
FN:440,equal
FN:487,equalStorage
FNF:14
FNH:2
FNDA:0,concat
FNDA:0,concatStorage
FNDA:0,slice
FNDA:0,toAddress
FNDA:78,toUint8
FNDA:0,toUint16
FNDA:0,toUint32
FNDA:0,toUint64
FNDA:0,toUint96
FNDA:0,toUint128
FNDA:77,toUint256
FNDA:0,toBytes32
FNDA:0,equal
FNDA:0,equalStorage
DA:17,0
DA:19,0
DA:87,0
DA:93,0
DA:237,0
DA:239,0
DA:241,0
DA:299,0
DA:307,0
DA:308,0
DA:310,0
DA:317,0
DA:325,78
DA:326,78
DA:328,78
DA:332,78
DA:340,0
DA:341,0
DA:343,0
DA:347,0
DA:355,0
DA:356,0
DA:358,0
DA:362,0
DA:370,0
DA:371,0
DA:373,0
DA:377,0
DA:385,0
DA:386,0
DA:388,0
DA:392,0
DA:400,0
DA:401,0
DA:403,0
DA:407,0
DA:415,77
DA:416,77
DA:418,77
DA:422,77
DA:430,0
DA:431,0
DA:433,0
DA:437,0
DA:445,0
DA:447,0
DA:484,0
DA:492,0
DA:494,0
DA:560,0
LF:50
LH:8
BRDA:237,1,0,0
BRDA:237,1,1,0
BRDA:307,2,0,0
BRDA:307,2,1,0
BRDA:325,3,0,78
BRDA:325,3,1,0
BRDA:340,4,0,0
BRDA:340,4,1,0
BRDA:355,5,0,0
BRDA:355,5,1,0
BRDA:370,6,0,0
BRDA:370,6,1,0
BRDA:385,7,0,0
BRDA:385,7,1,0
BRDA:400,8,0,0
BRDA:400,8,1,0
BRDA:415,9,0,77
BRDA:415,9,1,0
BRDA:430,10,0,0
BRDA:430,10,1,0
BRF:20
BRH:2
end_of_record
TN:
SF:/Users/guidohernanmedina/Code/federation-grants-program/contracts/GrantsProgram.sol
FN:23,constructor
FN:34,onlyAuthorized
FN:43,disableMember
FN:50,enableMember
FN:57,getRequiredFunds
FN:62,payToFederation
FN:79,getAddressFromPublicKey
FN:84,withdrawFunds
FN:89,decompressPublicKey
FN:102,expmod
FNF:10
FNH:10
FNDA:21,constructor
FNDA:14,onlyAuthorized
FNDA:6,disableMember
FNDA:3,enableMember
FNDA:11,getRequiredFunds
FNDA:10,payToFederation
FNDA:76,getAddressFromPublicKey
FNDA:1,withdrawFunds
FNDA:78,decompressPublicKey
FNDA:77,expmod
DA:24,21
DA:25,21
DA:26,21
DA:28,21
DA:29,21
DA:30,21
DA:31,21
DA:35,14
DA:36,10
DA:40,6
DA:44,6
DA:45,5
DA:46,5
DA:51,3
DA:52,2
DA:53,2
DA:58,11
DA:59,11
DA:63,10
DA:65,8
DA:67,8
DA:68,24
DA:69,24
DA:71,24
DA:72,17
DA:73,17
DA:74,17
DA:80,76
DA:81,76
DA:85,1
DA:86,1
DA:90,78
DA:91,78
DA:93,77
DA:94,77
DA:95,77
DA:96,77
DA:97,77
DA:98,77
DA:99,77
DA:103,77
DA:104,77
DA:105,77
DA:106,77
DA:107,77
DA:108,77
LF:46
LH:46
BRDA:24,1,0,21
BRDA:24,1,1,0
BRDA:25,2,0,21
BRDA:25,2,1,0
BRDA:26,3,0,21
BRDA:26,3,1,0
BRDA:35,4,0,10
BRDA:35,4,1,4
BRDA:44,5,0,5
BRDA:44,5,1,1
BRDA:51,6,0,2
BRDA:51,6,1,1
BRDA:63,7,0,8
BRDA:63,7,1,2
BRDA:71,8,0,17
BRDA:71,8,1,7
BRDA:91,9,0,77
BRDA:91,9,1,1
BRDA:103,10,0,0
BRDA:103,10,1,77
BRDA:104,11,0,0
BRDA:104,11,1,77
BRDA:105,12,0,0
BRDA:105,12,1,77
BRF:24
BRH:18
end_of_record
TN:
SF:/Users/guidohernanmedina/Code/federation-grants-program/contracts/IBridge.sol
FNF:0
FNH:0
LF:0
LH:0
BRF:0
BRH:0
end_of_record
TN:
SF:/Users/guidohernanmedina/Code/federation-grants-program/contracts/test/MockBridge.sol
FN:11,constructor
FN:16,getFederationSize
FN:20,getFederatorPublicKeyOfType
FNF:3
FNH:3
FNDA:17,constructor
FNDA:20,getFederationSize
FNDA:24,getFederatorPublicKeyOfType
DA:12,17
DA:13,17
DA:17,20
DA:21,24
LF:4
LH:4
BRF:0
BRH:0
end_of_record
